WARN  deprecated: project config key languages.de.languageName was deprecated in Hugo v0.158.0 and will be removed in a future release. Use languages.de.label instead.
WARN  deprecated: .Site.Data was deprecated in Hugo v0.156.0 and will be removed in a future release. Use hugo.Data instead.
ERROR deprecated: The "_build" front matter key was deprecated in Hugo 0.145.0 and subsequently removed. Use "build" instead. See https://gohugo.io/content-management/build-options.
ERROR Rebuild failed: logged 1 error(s)
WARN  deprecated: project config key languages.de.languageName was deprecated in Hugo v0.158.0 and will be removed in a future release. Use languages.de.label instead.
WARN  deprecated: .Site.Data was deprecated in Hugo v0.156.0 and will be removed in a future release. Use hugo.Data instead.
WARN  deprecated: project config key languages.de.languageName was deprecated in Hugo v0.158.0 and will be removed in a future release. Use languages.de.label instead.
WARN  deprecated: .Site.Data was deprecated in Hugo v0.156.0 and will be removed in a future release. Use hugo.Data instead.
WARN  deprecated: project config key languages.de.languageName was deprecated in Hugo v0.158.0 and will be removed in a future release. Use languages.de.label instead.
WARN  deprecated: .Site.Data was deprecated in Hugo v0.156.0 and will be removed in a future release. Use hugo.Data instead.
WARN  deprecated: project config key languages.de.languageName was deprecated in Hugo v0.158.0 and will be removed in a future release. Use languages.de.label instead.
WARN  deprecated: .Site.Data was deprecated in Hugo v0.156.0 and will be removed in a future release. Use hugo.Data instead.
WARN  deprecated: project config key languages.de.languageName was deprecated in Hugo v0.158.0 and will be removed in a future release. Use languages.de.label instead.
WARN  deprecated: .Site.Data was deprecated in Hugo v0.156.0 and will be removed in a future release. Use hugo.Data instead.
WARN  deprecated: project config key languages.de.languageName was deprecated in Hugo v0.158.0 and will be removed in a future release. Use languages.de.label instead.
WARN  deprecated: .Site.Data was deprecated in Hugo v0.156.0 and will be removed in a future release. Use hugo.Data instead.
WARN  deprecated: project config key languages.de.languageName was deprecated in Hugo v0.158.0 and will be removed in a future release. Use languages.de.label instead.
WARN  deprecated: .Site.Data was deprecated in Hugo v0.156.0 and will be removed in a future release. Use hugo.Data instead.
ERROR Failed to reload config: failed to load config: "C:\Users\Buzz\bjlessays\hugo.toml:3:19": unmarshal failed: toml: expected newline but got U+0073 's'
WARN  deprecated: project config key languages.de.languageName was deprecated in Hugo v0.158.0 and will be removed in a future release. Use languages.de.label instead.
WARN  deprecated: .Site.Data was deprecated in Hugo v0.156.0 and will be removed in a future release. Use hugo.Data instead.
ERROR Rebuild failed: render: [en v1.0.0 guest] failed to render pages: render of "C:/Users/Buzz/bjlessays/content/_index.md" failed: "C:\Users\Buzz\bjlessays\layouts\index.html:51:13": execute of template failed at <sort $entries "File.ModTime" "desc">: error calling sort: ModTime isn't a field of struct type *source.File
WARN  deprecated: project config key languages.de.languageName was deprecated in Hugo v0.158.0 and will be removed in a future release. Use languages.de.label instead.
WARN  deprecated: .Site.Data was deprecated in Hugo v0.156.0 and will be removed in a future release. Use hugo.Data instead.
WARN  deprecated: project config key languages.de.languageName was deprecated in Hugo v0.158.0 and will be removed in a future release. Use languages.de.label instead.
WARN  deprecated: .Site.Data was deprecated in Hugo v0.156.0 and will be removed in a future release. Use hugo.Data instead.
WARN  deprecated: project config key languages.de.languageName was deprecated in Hugo v0.158.0 and will be removed in a future release. Use languages.de.label instead.
WARN  deprecated: .Site.Data was deprecated in Hugo v0.156.0 and will be removed in a future release. Use hugo.Data instead.
WARN  deprecated: project config key languages.de.languageName was deprecated in Hugo v0.158.0 and will be removed in a future release. Use languages.de.label instead.
WARN  deprecated: .Site.Data was deprecated in Hugo v0.156.0 and will be removed in a future release. Use hugo.Data instead.
WARN  deprecated: project config key languages.de.languageName was deprecated in Hugo v0.158.0 and will be removed in a future release. Use languages.de.label instead.
WARN  deprecated: .Site.Data was deprecated in Hugo v0.156.0 and will be removed in a future release. Use hugo.Data instead.
WARN  deprecated: project config key languages.de.languageName was deprecated in Hugo v0.158.0 and will be removed in a future release. Use languages.de.label instead.
WARN  deprecated: .Site.Data was deprecated in Hugo v0.156.0 and will be removed in a future release. Use hugo.Data instead.
ERROR Rebuild failed: failed to load data: "C:\Users\Buzz\bjlessays\data\json_resume\en.json:1:1": "_stream.json:7:1": unmarshal failed: invalid character '/' looking for beginning of object key string
ERROR Rebuild failed: render: [en v1.0.0 guest] failed to render pages: render of "C:/Users/Buzz/bjlessays/content/drafts/The broken school system.md" failed: "C:\Users\Buzz\AppData\Local\hugo_cache\modules\filecache\modules\pkg\mod\github.com\schnerring\hugo-theme-gruvbox@v0.0.0-20251001122453-81058f53a809\layouts\_default\baseof.html:14:11": execute of template failed at <partial "sidebar.html" .>: error calling partial: "C:\Users\Buzz\AppData\Local\hugo_cache\modules\filecache\modules\pkg\mod\github.com\schnerring\hugo-theme-gruvbox@v0.0.0-20251001122453-81058f53a809\layouts\partials\sidebar.html:17:9": execute of template failed at <partial "json-resume/basics.html" .>: "C:\Users\Buzz\AppData\Local\hugo_cache\modules\filecache\modules\pkg\mod\github.com\schnerring\hugo-mod-json-resume@v0.0.0-20250913101154-79af08063b15\layouts\partials\json-resume\basics.html:54:12": execute of template failed at <where .profiles "username" "ne" nil>: error calling where: can’t iterate over <nil>
ERROR Rebuild failed: failed to load data: "C:\Users\Buzz\bjlessays\data\json_resume\en.json:1:1": "_stream.json:1:1": unmarshal failed: invalid character '}' looking for beginning of object key string
ERROR Rebuild failed: render: [en v1.0.0 guest] failed to render pages: render of "/404" failed: "C:\Users\Buzz\AppData\Local\hugo_cache\modules\filecache\modules\pkg\mod\github.com\schnerring\hugo-theme-gruvbox@v0.0.0-20251001122453-81058f53a809\layouts\_default\baseof.html:14:11": execute of template failed at <partial "sidebar.html" .>: error calling partial: "C:\Users\Buzz\AppData\Local\hugo_cache\modules\filecache\modules\pkg\mod\github.com\schnerring\hugo-theme-gruvbox@v0.0.0-20251001122453-81058f53a809\layouts\partials\sidebar.html:17:9": execute of template failed at <partial "json-resume/basics.html" .>: "C:\Users\Buzz\AppData\Local\hugo_cache\modules\filecache\modules\pkg\mod\github.com\schnerring\hugo-mod-json-resume@v0.0.0-20250913101154-79af08063b15\layouts\partials\json-resume\basics.html:54:12": execute of template failed at <where .profiles "username" "ne" nil>: error calling where: can’t iterate over <nil>
ERROR Rebuild failed: render: [en v1.0.0 guest] failed to render pages: render of "/404" failed: "C:\Users\Buzz\AppData\Local\hugo_cache\modules\filecache\modules\pkg\mod\github.com\schnerring\hugo-theme-gruvbox@v0.0.0-20251001122453-81058f53a809\layouts\_default\baseof.html:14:11": execute of template failed at <partial "sidebar.html" .>: error calling partial: "C:\Users\Buzz\AppData\Local\hugo_cache\modules\filecache\modules\pkg\mod\github.com\schnerring\hugo-theme-gruvbox@v0.0.0-20251001122453-81058f53a809\layouts\partials\sidebar.html:17:9": execute of template failed at <partial "json-resume/basics.html" .>: "C:\Users\Buzz\AppData\Local\hugo_cache\modules\filecache\modules\pkg\mod\github.com\schnerring\hugo-mod-json-resume@v0.0.0-20250913101154-79af08063b15\layouts\partials\json-resume\basics.html:67:13": execute of template failed at <partial "simple-icon.html" (dict "url" .url "network" .network "username" .username)>: "C:\Users\Buzz\AppData\Local\hugo_cache\modules\filecache\modules\pkg\mod\github.com\schnerring\hugo-mod-json-resume@v0.0.0-20250913101154-79af08063b15\layouts\partials\simple-icon.html:8:22": execute of template failed at <$path>: nil pointer evaluating resource.Resource.Content
ERROR Rebuild failed: render: [en v1.0.0 guest] failed to render pages: render of "C:/Users/Buzz/bjlessays/content/drafts/doing evil for the sake of good.md" failed: "C:\Users\Buzz\AppData\Local\hugo_cache\modules\filecache\modules\pkg\mod\github.com\schnerring\hugo-theme-gruvbox@v0.0.0-20251001122453-81058f53a809\layouts\_default\baseof.html:14:11": execute of template failed at <partial "sidebar.html" .>: error calling partial: "C:\Users\Buzz\AppData\Local\hugo_cache\modules\filecache\modules\pkg\mod\github.com\schnerring\hugo-theme-gruvbox@v0.0.0-20251001122453-81058f53a809\layouts\partials\sidebar.html:17:9": execute of template failed at <partial "json-resume/basics.html" .>: "C:\Users\Buzz\AppData\Local\hugo_cache\modules\filecache\modules\pkg\mod\github.com\schnerring\hugo-mod-json-resume@v0.0.0-20250913101154-79af08063b15\layouts\partials\json-resume\basics.html:54:12": execute of template failed at <where .profiles "username" "ne" nil>: error calling where: can’t iterate over <nil>
ERROR Rebuild failed: render: [en v1.0.0 guest] failed to render pages: render of "C:/Users/Buzz/bjlessays/content/drafts/the god variable.md" failed: "C:\Users\Buzz\AppData\Local\hugo_cache\modules\filecache\modules\pkg\mod\github.com\schnerring\hugo-theme-gruvbox@v0.0.0-20251001122453-81058f53a809\layouts\_default\baseof.html:14:11": execute of template failed at <partial "sidebar.html" .>: error calling partial: "C:\Users\Buzz\AppData\Local\hugo_cache\modules\filecache\modules\pkg\mod\github.com\schnerring\hugo-theme-gruvbox@v0.0.0-20251001122453-81058f53a809\layouts\partials\sidebar.html:17:9": execute of template failed at <partial "json-resume/basics.html" .>: "C:\Users\Buzz\AppData\Local\hugo_cache\modules\filecache\modules\pkg\mod\github.com\schnerring\hugo-mod-json-resume@v0.0.0-20250913101154-79af08063b15\layouts\partials\json-resume\basics.html:54:12": execute of template failed at <where .profiles "username" "ne" nil>: error calling where: can’t iterate over <nil>
ERROR Rebuild failed: render: [en v1.0.0 guest] failed to render pages: render of "C:/Users/Buzz/bjlessays/content/drafts/AI as progression.md" failed: "C:\Users\Buzz\AppData\Local\hugo_cache\modules\filecache\modules\pkg\mod\github.com\schnerring\hugo-theme-gruvbox@v0.0.0-20251001122453-81058f53a809\layouts\_default\baseof.html:14:11": execute of template failed at <partial "sidebar.html" .>: error calling partial: "C:\Users\Buzz\AppData\Local\hugo_cache\modules\filecache\modules\pkg\mod\github.com\schnerring\hugo-theme-gruvbox@v0.0.0-20251001122453-81058f53a809\layouts\partials\sidebar.html:17:9": execute of template failed at <partial "json-resume/basics.html" .>: "C:\Users\Buzz\AppData\Local\hugo_cache\modules\filecache\modules\pkg\mod\github.com\schnerring\hugo-mod-json-resume@v0.0.0-20250913101154-79af08063b15\layouts\partials\json-resume\basics.html:54:12": execute of template failed at <where .profiles "username" "ne" nil>: error calling where: can’t iterate over <nil>
WARN  deprecated: .Language.LanguageCode was deprecated in Hugo v0.158.0 and will be removed in a future release. Use .Language.Locale instead.
WARN  deprecated: .Language.LanguageDirection was deprecated in Hugo v0.158.0 and will be removed in a future release. Use .Language.Direction instead.
ERROR render: [en v1.0.0 guest] failed to render pages: render of "C:/Users/Buzz/bjlessays/content/drafts/Psyops and conspiracies.md" failed: "C:\Users\Buzz\bjlessays\themes\void\layouts\_default\baseof.html:9:9": execute of template failed: template: single.html:9:9: executing "single.html" at <partial "header.html" .>: error calling partial: "C:\Users\Buzz\bjlessays\layouts\partials\header.html:48:9": execute of template failed: template: _partials/header.html:48:9: executing "_partials/header.html" at <partial "icons/tabler-icon.html" "outline/menu-2">: error calling partial: partial "icons/tabler-icon.html" not found
WARN  deprecated: .Language.LanguageCode was deprecated in Hugo v0.158.0 and will be removed in a future release. Use .Language.Locale instead.
WARN  deprecated: .Language.LanguageDirection was deprecated in Hugo v0.158.0 and will be removed in a future release. Use .Language.Direction instead.
ERROR Rebuild failed: renderDeferred: "C:\Users\Buzz\bjlessays\themes\void\layouts\partials\head\css.html:13:40": execute of template failed: executing at <.RelPermalink>: error calling RelPermalink: TAILWINDCSS: failed to transform "/css/main.css" (text/css). You need to install TailwindCSS CLI. See https://gohugo.io/functions/css/tailwindcss/: binary with name "tailwindcss" not found in PATH
WARN  deprecated: .Language.LanguageCode was deprecated in Hugo v0.158.0 and will be removed in a future release. Use .Language.Locale instead.
WARN  deprecated: .Language.LanguageDirection was deprecated in Hugo v0.158.0 and will be removed in a future release. Use .Language.Direction instead.
ERROR Rebuild failed: renderDeferred: "C:\Users\Buzz\bjlessays\themes\void\layouts\partials\head\css.html:13:40": execute of template failed: executing at <.RelPermalink>: error calling RelPermalink: TAILWINDCSS: failed to transform "/css/main.css" (text/css). You need to install TailwindCSS CLI. See https://gohugo.io/functions/css/tailwindcss/: binary with name "tailwindcss" not found in PATH
WARN  deprecated: .Language.LanguageCode was deprecated in Hugo v0.158.0 and will be removed in a future release. Use .Language.Locale instead.
WARN  deprecated: .Language.LanguageDirection was deprecated in Hugo v0.158.0 and will be removed in a future release. Use .Language.Direction instead.
ERROR Rebuild failed: renderDeferred: "C:\Users\Buzz\bjlessays\themes\void\layouts\partials\head\css.html:13:40": execute of template failed: executing at <.RelPermalink>: error calling RelPermalink: TAILWINDCSS: failed to transform "/css/main.css" (text/css). You need to install TailwindCSS CLI. See https://gohugo.io/functions/css/tailwindcss/: binary with name "tailwindcss" not found in PATH
WARN  deprecated: .Language.LanguageCode was deprecated in Hugo v0.158.0 and will be removed in a future release. Use .Language.Locale instead.
WARN  deprecated: .Language.LanguageDirection was deprecated in Hugo v0.158.0 and will be removed in a future release. Use .Language.Direction instead.
WARN  deprecated: .Language.LanguageCode was deprecated in Hugo v0.158.0 and will be removed in a future release. Use .Language.Locale instead.
WARN  deprecated: .Language.LanguageDirection was deprecated in Hugo v0.158.0 and will be removed in a future release. Use .Language.Direction instead.
WARN  deprecated: .Language.LanguageCode was deprecated in Hugo v0.158.0 and will be removed in a future release. Use .Language.Locale instead.
WARN  deprecated: .Language.LanguageDirection was deprecated in Hugo v0.158.0 and will be removed in a future release. Use .Language.Direction instead.
WARN  deprecated: .Language.LanguageCode was deprecated in Hugo v0.158.0 and will be removed in a future release. Use .Language.Locale instead.
WARN  deprecated: .Language.LanguageDirection was deprecated in Hugo v0.158.0 and will be removed in a future release. Use .Language.Direction instead.
WARN  deprecated: .Language.LanguageCode was deprecated in Hugo v0.158.0 and will be removed in a future release. Use .Language.Locale instead.
WARN  deprecated: .Language.LanguageDirection was deprecated in Hugo v0.158.0 and will be removed in a future release. Use .Language.Direction instead.
WARN  deprecated: .Language.LanguageCode was deprecated in Hugo v0.158.0 and will be removed in a future release. Use .Language.Locale instead.
WARN  deprecated: .Language.LanguageDirection was deprecated in Hugo v0.158.0 and will be removed in a future release. Use .Language.Direction instead.
WARN  deprecated: .Language.LanguageCode was deprecated in Hugo v0.158.0 and will be removed in a future release. Use .Language.Locale instead.
WARN  deprecated: .Language.LanguageDirection was deprecated in Hugo v0.158.0 and will be removed in a future release. Use .Language.Direction instead.
WARN  deprecated: .Language.LanguageCode was deprecated in Hugo v0.158.0 and will be removed in a future release. Use .Language.Locale instead.
WARN  deprecated: .Language.LanguageDirection was deprecated in Hugo v0.158.0 and will be removed in a future release. Use .Language.Direction instead.
WARN  deprecated: .Language.LanguageCode was deprecated in Hugo v0.158.0 and will be removed in a future release. Use .Language.Locale instead.
WARN  deprecated: .Language.LanguageDirection was deprecated in Hugo v0.158.0 and will be removed in a future release. Use .Language.Direction instead.
WARN  deprecated: .Language.LanguageCode was deprecated in Hugo v0.158.0 and will be removed in a future release. Use .Language.Locale instead.
WARN  deprecated: .Language.LanguageDirection was deprecated in Hugo v0.158.0 and will be removed in a future release. Use .Language.Direction instead.
WARN  deprecated: .Language.LanguageCode was deprecated in Hugo v0.158.0 and will be removed in a future release. Use .Language.Locale instead.
WARN  deprecated: .Language.LanguageDirection was deprecated in Hugo v0.158.0 and will be removed in a future release. Use .Language.Direction instead.
WARN  deprecated: .Language.LanguageCode was deprecated in Hugo v0.158.0 and will be removed in a future release. Use .Language.Locale instead.
WARN  deprecated: .Language.LanguageDirection was deprecated in Hugo v0.158.0 and will be removed in a future release. Use .Language.Direction instead.
WARN  deprecated: .Language.LanguageCode was deprecated in Hugo v0.158.0 and will be removed in a future release. Use .Language.Locale instead.
WARN  deprecated: .Language.LanguageDirection was deprecated in Hugo v0.158.0 and will be removed in a future release. Use .Language.Direction instead.
ERROR Rebuild failed: render: [en v1.0.0 guest] failed to render pages: render of "C:/Users/Buzz/bjlessays/content/_index.md" failed: "C:\Users\Buzz\bjlessays\layouts\index.html:150:56": execute of template failed at <time (printf "@%!d(MISSING)" $latestUnix)>: error calling time: unable to parse date: @1780946356
ERROR Rebuild failed: process: "C:\Users\Buzz\bjlessays\themes\void\layouts\_default\baseof.html:56:1": apply base template failed undefined variable "$latestUnix"
ERROR Rebuild failed: process: "C:\Users\Buzz\bjlessays\themes\void\layouts\_default\baseof.html:56:1": apply base template failed undefined variable "$latestUnix"
ERROR Rebuild failed: process: "C:\Users\Buzz\bjlessays\themes\void\layouts\_default\baseof.html:150:1": apply base template failed undefined variable "$hasDate"
WARN  deprecated: .Language.LanguageCode was deprecated in Hugo v0.158.0 and will be removed in a future release. Use .Language.Locale instead.
WARN  deprecated: .Language.LanguageDirection was deprecated in Hugo v0.158.0 and will be removed in a future release. Use .Language.Direction instead.
WARN  deprecated: .Language.LanguageCode was deprecated in Hugo v0.158.0 and will be removed in a future release. Use .Language.Locale instead.
WARN  deprecated: .Language.LanguageDirection was deprecated in Hugo v0.158.0 and will be removed in a future release. Use .Language.Direction instead.
WARN  deprecated: .Language.LanguageCode was deprecated in Hugo v0.158.0 and will be removed in a future release. Use .Language.Locale instead.
WARN  deprecated: .Language.LanguageDirection was deprecated in Hugo v0.158.0 and will be removed in a future release. Use .Language.Direction instead.
WARN  deprecated: .Language.LanguageCode was deprecated in Hugo v0.158.0 and will be removed in a future release. Use .Language.Locale instead.
WARN  deprecated: .Language.LanguageDirection was deprecated in Hugo v0.158.0 and will be removed in a future release. Use .Language.Direction instead.
WARN  deprecated: .Language.LanguageCode was deprecated in Hugo v0.158.0 and will be removed in a future release. Use .Language.Locale instead.
WARN  deprecated: .Language.LanguageDirection was deprecated in Hugo v0.158.0 and will be removed in a future release. Use .Language.Direction instead.
WARN  deprecated: .Language.LanguageCode was deprecated in Hugo v0.158.0 and will be removed in a future release. Use .Language.Locale instead.
WARN  deprecated: .Language.LanguageDirection was deprecated in Hugo v0.158.0 and will be removed in a future release. Use .Language.Direction instead.
WARN  deprecated: .Language.LanguageCode was deprecated in Hugo v0.158.0 and will be removed in a future release. Use .Language.Locale instead.
WARN  deprecated: .Language.LanguageDirection was deprecated in Hugo v0.158.0 and will be removed in a future release. Use .Language.Direction instead.
WARN  deprecated: .Language.LanguageCode was deprecated in Hugo v0.158.0 and will be removed in a future release. Use .Language.Locale instead.
WARN  deprecated: .Language.LanguageDirection was deprecated in Hugo v0.158.0 and will be removed in a future release. Use .Language.Direction instead.
WARN  deprecated: .Language.LanguageCode was deprecated in Hugo v0.158.0 and will be removed in a future release. Use .Language.Locale instead.
WARN  deprecated: .Language.LanguageDirection was deprecated in Hugo v0.158.0 and will be removed in a future release. Use .Language.Direction instead.
WARN  deprecated: .Language.LanguageCode was deprecated in Hugo v0.158.0 and will be removed in a future release. Use .Language.Locale instead.
WARN  deprecated: .Language.LanguageDirection was deprecated in Hugo v0.158.0 and will be removed in a future release. Use .Language.Direction instead.
WARN  deprecated: .Language.LanguageCode was deprecated in Hugo v0.158.0 and will be removed in a future release. Use .Language.Locale instead.
WARN  deprecated: .Language.LanguageDirection was deprecated in Hugo v0.158.0 and will be removed in a future release. Use .Language.Direction instead.
WARN  deprecated: .Language.LanguageCode was deprecated in Hugo v0.158.0 and will be removed in a future release. Use .Language.Locale instead.
WARN  deprecated: .Language.LanguageDirection was deprecated in Hugo v0.158.0 and will be removed in a future release. Use .Language.Direction instead.
WARN  deprecated: .Language.LanguageCode was deprecated in Hugo v0.158.0 and will be removed in a future release. Use .Language.Locale instead.
WARN  deprecated: .Language.LanguageDirection was deprecated in Hugo v0.158.0 and will be removed in a future release. Use .Language.Direction instead.
WARN  deprecated: .Language.LanguageCode was deprecated in Hugo v0.158.0 and will be removed in a future release. Use .Language.Locale instead.
WARN  deprecated: .Language.LanguageDirection was deprecated in Hugo v0.158.0 and will be removed in a future release. Use .Language.Direction instead.
WARN  deprecated: .Language.LanguageCode was deprecated in Hugo v0.158.0 and will be removed in a future release. Use .Language.Locale instead.
WARN  deprecated: .Language.LanguageDirection was deprecated in Hugo v0.158.0 and will be removed in a future release. Use .Language.Direction instead.
WARN  deprecated: .Language.LanguageCode was deprecated in Hugo v0.158.0 and will be removed in a future release. Use .Language.Locale instead.
WARN  deprecated: .Language.LanguageDirection was deprecated in Hugo v0.158.0 and will be removed in a future release. Use .Language.Direction instead.
WARN  deprecated: .Language.LanguageCode was deprecated in Hugo v0.158.0 and will be removed in a future release. Use .Language.Locale instead.
WARN  deprecated: .Language.LanguageDirection was deprecated in Hugo v0.158.0 and will be removed in a future release. Use .Language.Direction instead.
WARN  deprecated: .Language.LanguageCode was deprecated in Hugo v0.158.0 and will be removed in a future release. Use .Language.Locale instead.
WARN  deprecated: .Language.LanguageDirection was deprecated in Hugo v0.158.0 and will be removed in a future release. Use .Language.Direction instead.
WARN  deprecated: .Language.LanguageCode was deprecated in Hugo v0.158.0 and will be removed in a future release. Use .Language.Locale instead.
WARN  deprecated: .Language.LanguageDirection was deprecated in Hugo v0.158.0 and will be removed in a future release. Use .Language.Direction instead.
WARN  deprecated: .Language.LanguageCode was deprecated in Hugo v0.158.0 and will be removed in a future release. Use .Language.Locale instead.
WARN  deprecated: .Language.LanguageDirection was deprecated in Hugo v0.158.0 and will be removed in a future release. Use .Language.Direction instead.
WARN  deprecated: .Language.LanguageCode was deprecated in Hugo v0.158.0 and will be removed in a future release. Use .Language.Locale instead.
WARN  deprecated: .Language.LanguageDirection was deprecated in Hugo v0.158.0 and will be removed in a future release. Use .Language.Direction instead.
WARN  deprecated: .Language.LanguageCode was deprecated in Hugo v0.158.0 and will be removed in a future release. Use .Language.Locale instead.
WARN  deprecated: .Language.LanguageDirection was deprecated in Hugo v0.158.0 and will be removed in a future release. Use .Language.Direction instead.
WARN  deprecated: .Language.LanguageCode was deprecated in Hugo v0.158.0 and will be removed in a future release. Use .Language.Locale instead.
WARN  deprecated: .Language.LanguageDirection was deprecated in Hugo v0.158.0 and will be removed in a future release. Use .Language.Direction instead.
WARN  deprecated: .Language.LanguageCode was deprecated in Hugo v0.158.0 and will be removed in a future release. Use .Language.Locale instead.
WARN  deprecated: .Language.LanguageDirection was deprecated in Hugo v0.158.0 and will be removed in a future release. Use .Language.Direction instead.
WARN  deprecated: .Language.LanguageCode was deprecated in Hugo v0.158.0 and will be removed in a future release. Use .Language.Locale instead.
WARN  deprecated: .Language.LanguageDirection was deprecated in Hugo v0.158.0 and will be removed in a future release. Use .Language.Direction instead.
WARN  deprecated: .Language.LanguageCode was deprecated in Hugo v0.158.0 and will be removed in a future release. Use .Language.Locale instead.
WARN  deprecated: .Language.LanguageDirection was deprecated in Hugo v0.158.0 and will be removed in a future release. Use .Language.Direction instead.
WARN  deprecated: .Language.LanguageCode was deprecated in Hugo v0.158.0 and will be removed in a future release. Use .Language.Locale instead.
WARN  deprecated: .Language.LanguageDirection was deprecated in Hugo v0.158.0 and will be removed in a future release. Use .Language.Direction instead.
WARN  deprecated: .Language.LanguageCode was deprecated in Hugo v0.158.0 and will be removed in a future release. Use .Language.Locale instead.
WARN  deprecated: .Language.LanguageDirection was deprecated in Hugo v0.158.0 and will be removed in a future release. Use .Language.Direction instead.
WARN  deprecated: .Language.LanguageCode was deprecated in Hugo v0.158.0 and will be removed in a future release. Use .Language.Locale instead.
WARN  deprecated: .Language.LanguageDirection was deprecated in Hugo v0.158.0 and will be removed in a future release. Use .Language.Direction instead.
WARN  deprecated: .Language.LanguageCode was deprecated in Hugo v0.158.0 and will be removed in a future release. Use .Language.Locale instead.
WARN  deprecated: .Language.LanguageDirection was deprecated in Hugo v0.158.0 and will be removed in a future release. Use .Language.Direction instead.
WARN  deprecated: .Language.LanguageCode was deprecated in Hugo v0.158.0 and will be removed in a future release. Use .Language.Locale instead.
WARN  deprecated: .Language.LanguageDirection was deprecated in Hugo v0.158.0 and will be removed in a future release. Use .Language.Direction instead.
WARN  deprecated: .Language.LanguageCode was deprecated in Hugo v0.158.0 and will be removed in a future release. Use .Language.Locale instead.
WARN  deprecated: .Language.LanguageDirection was deprecated in Hugo v0.158.0 and will be removed in a future release. Use .Language.Direction instead.
WARN  deprecated: .Language.LanguageCode was deprecated in Hugo v0.158.0 and will be removed in a future release. Use .Language.Locale instead.
WARN  deprecated: .Language.LanguageDirection was deprecated in Hugo v0.158.0 and will be removed in a future release. Use .Language.Direction instead.
WARN  deprecated: .Language.LanguageCode was deprecated in Hugo v0.158.0 and will be removed in a future release. Use .Language.Locale instead.
WARN  deprecated: .Language.LanguageDirection was deprecated in Hugo v0.158.0 and will be removed in a future release. Use .Language.Direction instead.
ERROR Rebuild failed: process: "C:\Users\Buzz\bjlessays\themes\void\layouts\_default\baseof.html:270:1": apply base template failed unexpected EOF
WARN  deprecated: .Language.LanguageCode was deprecated in Hugo v0.158.0 and will be removed in a future release. Use .Language.Locale instead.
WARN  deprecated: .Language.LanguageDirection was deprecated in Hugo v0.158.0 and will be removed in a future release. Use .Language.Direction instead.
WARN  deprecated: .Language.LanguageCode was deprecated in Hugo v0.158.0 and will be removed in a future release. Use .Language.Locale instead.
WARN  deprecated: .Language.LanguageDirection was deprecated in Hugo v0.158.0 and will be removed in a future release. Use .Language.Direction instead.
WARN  deprecated: .Language.LanguageCode was deprecated in Hugo v0.158.0 and will be removed in a future release. Use .Language.Locale instead.
WARN  deprecated: .Language.LanguageDirection was deprecated in Hugo v0.158.0 and will be removed in a future release. Use .Language.Direction instead.
WARN  deprecated: .Language.LanguageCode was deprecated in Hugo v0.158.0 and will be removed in a future release. Use .Language.Locale instead.
WARN  deprecated: .Language.LanguageDirection was deprecated in Hugo v0.158.0 and will be removed in a future release. Use .Language.Direction instead.
WARN  deprecated: .Language.LanguageCode was deprecated in Hugo v0.158.0 and will be removed in a future release. Use .Language.Locale instead.
WARN  deprecated: .Language.LanguageDirection was deprecated in Hugo v0.158.0 and will be removed in a future release. Use .Language.Direction instead.
WARN  deprecated: .Language.LanguageCode was deprecated in Hugo v0.158.0 and will be removed in a future release. Use .Language.Locale instead.
WARN  deprecated: .Language.LanguageDirection was deprecated in Hugo v0.158.0 and will be removed in a future release. Use .Language.Direction instead.
WARN  deprecated: .Language.LanguageCode was deprecated in Hugo v0.158.0 and will be removed in a future release. Use .Language.Locale instead.
WARN  deprecated: .Language.LanguageDirection was deprecated in Hugo v0.158.0 and will be removed in a future release. Use .Language.Direction instead.
WARN  deprecated: .Language.LanguageCode was deprecated in Hugo v0.158.0 and will be removed in a future release. Use .Language.Locale instead.
WARN  deprecated: .Language.LanguageDirection was deprecated in Hugo v0.158.0 and will be removed in a future release. Use .Language.Direction instead.
WARN  deprecated: .Language.LanguageCode was deprecated in Hugo v0.158.0 and will be removed in a future release. Use .Language.Locale instead.
WARN  deprecated: .Language.LanguageDirection was deprecated in Hugo v0.158.0 and will be removed in a future release. Use .Language.Direction instead.
WARN  deprecated: .Language.LanguageCode was deprecated in Hugo v0.158.0 and will be removed in a future release. Use .Language.Locale instead.
WARN  deprecated: .Language.LanguageDirection was deprecated in Hugo v0.158.0 and will be removed in a future release. Use .Language.Direction instead.
WARN  deprecated: .Language.LanguageCode was deprecated in Hugo v0.158.0 and will be removed in a future release. Use .Language.Locale instead.
WARN  deprecated: .Language.LanguageDirection was deprecated in Hugo v0.158.0 and will be removed in a future release. Use .Language.Direction instead.
WARN  deprecated: .Language.LanguageCode was deprecated in Hugo v0.158.0 and will be removed in a future release. Use .Language.Locale instead.
WARN  deprecated: .Language.LanguageDirection was deprecated in Hugo v0.158.0 and will be removed in a future release. Use .Language.Direction instead.
WARN  deprecated: .Language.LanguageCode was deprecated in Hugo v0.158.0 and will be removed in a future release. Use .Language.Locale instead.
WARN  deprecated: .Language.LanguageDirection was deprecated in Hugo v0.158.0 and will be removed in a future release. Use .Language.Direction instead.
ERROR Rebuild failed: process: "C:\Users\Buzz\bjlessays\themes\void\layouts\_default\baseof.html:26:1": apply base template failed undefined variable "$d"
WARN  deprecated: .Language.LanguageCode was deprecated in Hugo v0.158.0 and will be removed in a future release. Use .Language.Locale instead.
WARN  deprecated: .Language.LanguageDirection was deprecated in Hugo v0.158.0 and will be removed in a future release. Use .Language.Direction instead.
WARN  deprecated: .Language.LanguageCode was deprecated in Hugo v0.158.0 and will be removed in a future release. Use .Language.Locale instead.
WARN  deprecated: .Language.LanguageDirection was deprecated in Hugo v0.158.0 and will be removed in a future release. Use .Language.Direction instead.
WARN  deprecated: .Language.LanguageCode was deprecated in Hugo v0.158.0 and will be removed in a future release. Use .Language.Locale instead.
WARN  deprecated: .Language.LanguageDirection was deprecated in Hugo v0.158.0 and will be removed in a future release. Use .Language.Direction instead.
WARN  deprecated: .Language.LanguageCode was deprecated in Hugo v0.158.0 and will be removed in a future release. Use .Language.Locale instead.
WARN  deprecated: .Language.LanguageDirection was deprecated in Hugo v0.158.0 and will be removed in a future release. Use .Language.Direction instead.
WARN  deprecated: .Language.LanguageCode was deprecated in Hugo v0.158.0 and will be removed in a future release. Use .Language.Locale instead.
WARN  deprecated: .Language.LanguageDirection was deprecated in Hugo v0.158.0 and will be removed in a future release. Use .Language.Direction instead.
WARN  deprecated: .Language.LanguageCode was deprecated in Hugo v0.158.0 and will be removed in a future release. Use .Language.Locale instead.
WARN  deprecated: .Language.LanguageDirection was deprecated in Hugo v0.158.0 and will be removed in a future release. Use .Language.Direction instead.
WARN  deprecated: .Language.LanguageCode was deprecated in Hugo v0.158.0 and will be removed in a future release. Use .Language.Locale instead.
WARN  deprecated: .Language.LanguageDirection was deprecated in Hugo v0.158.0 and will be removed in a future release. Use .Language.Direction instead.
WARN  deprecated: .Language.LanguageCode was deprecated in Hugo v0.158.0 and will be removed in a future release. Use .Language.Locale instead.
WARN  deprecated: .Language.LanguageDirection was deprecated in Hugo v0.158.0 and will be removed in a future release. Use .Language.Direction instead.
WARN  deprecated: .Language.LanguageCode was deprecated in Hugo v0.158.0 and will be removed in a future release. Use .Language.Locale instead.
WARN  deprecated: .Language.LanguageDirection was deprecated in Hugo v0.158.0 and will be removed in a future release. Use .Language.Direction instead.
WARN  deprecated: .Language.LanguageCode was deprecated in Hugo v0.158.0 and will be removed in a future release. Use .Language.Locale instead.
WARN  deprecated: .Language.LanguageDirection was deprecated in Hugo v0.158.0 and will be removed in a future release. Use .Language.Direction instead.
WARN  deprecated: .Language.LanguageCode was deprecated in Hugo v0.158.0 and will be removed in a future release. Use .Language.Locale instead.
WARN  deprecated: .Language.LanguageDirection was deprecated in Hugo v0.158.0 and will be removed in a future release. Use .Language.Direction instead.
WARN  deprecated: .Language.LanguageCode was deprecated in Hugo v0.158.0 and will be removed in a future release. Use .Language.Locale instead.
WARN  deprecated: .Language.LanguageDirection was deprecated in Hugo v0.158.0 and will be removed in a future release. Use .Language.Direction instead.
WARN  deprecated: .Language.LanguageCode was deprecated in Hugo v0.158.0 and will be removed in a future release. Use .Language.Locale instead.
WARN  deprecated: .Language.LanguageDirection was deprecated in Hugo v0.158.0 and will be removed in a future release. Use .Language.Direction instead.
WARN  deprecated: .Language.LanguageCode was deprecated in Hugo v0.158.0 and will be removed in a future release. Use .Language.Locale instead.
WARN  deprecated: .Language.LanguageDirection was deprecated in Hugo v0.158.0 and will be removed in a future release. Use .Language.Direction instead.
WARN  deprecated: .Language.LanguageCode was deprecated in Hugo v0.158.0 and will be removed in a future release. Use .Language.Locale instead.
WARN  deprecated: .Language.LanguageDirection was deprecated in Hugo v0.158.0 and will be removed in a future release. Use .Language.Direction instead.
WARN  deprecated: .Language.LanguageCode was deprecated in Hugo v0.158.0 and will be removed in a future release. Use .Language.Locale instead.
WARN  deprecated: .Language.LanguageDirection was deprecated in Hugo v0.158.0 and will be removed in a future release. Use .Language.Direction instead.
WARN  deprecated: .Language.LanguageCode was deprecated in Hugo v0.158.0 and will be removed in a future release. Use .Language.Locale instead.
WARN  deprecated: .Language.LanguageDirection was deprecated in Hugo v0.158.0 and will be removed in a future release. Use .Language.Direction instead.
WARN  deprecated: .Language.LanguageCode was deprecated in Hugo v0.158.0 and will be removed in a future release. Use .Language.Locale instead.
WARN  deprecated: .Language.LanguageDirection was deprecated in Hugo v0.158.0 and will be removed in a future release. Use .Language.Direction instead.
WARN  deprecated: .Language.LanguageCode was deprecated in Hugo v0.158.0 and will be removed in a future release. Use .Language.Locale instead.
WARN  deprecated: .Language.LanguageDirection was deprecated in Hugo v0.158.0 and will be removed in a future release. Use .Language.Direction instead.
WARN  deprecated: .Language.LanguageCode was deprecated in Hugo v0.158.0 and will be removed in a future release. Use .Language.Locale instead.
WARN  deprecated: .Language.LanguageDirection was deprecated in Hugo v0.158.0 and will be removed in a future release. Use .Language.Direction instead.
WARN  deprecated: .Language.LanguageCode was deprecated in Hugo v0.158.0 and will be removed in a future release. Use .Language.Locale instead.
WARN  deprecated: .Language.LanguageDirection was deprecated in Hugo v0.158.0 and will be removed in a future release. Use .Language.Direction instead.
WARN  deprecated: .Language.LanguageCode was deprecated in Hugo v0.158.0 and will be removed in a future release. Use .Language.Locale instead.
WARN  deprecated: .Language.LanguageDirection was deprecated in Hugo v0.158.0 and will be removed in a future release. Use .Language.Direction instead.
WARN  deprecated: .Language.LanguageCode was deprecated in Hugo v0.158.0 and will be removed in a future release. Use .Language.Locale instead.
WARN  deprecated: .Language.LanguageDirection was deprecated in Hugo v0.158.0 and will be removed in a future release. Use .Language.Direction instead.
WARN  deprecated: .Language.LanguageCode was deprecated in Hugo v0.158.0 and will be removed in a future release. Use .Language.Locale instead.
WARN  deprecated: .Language.LanguageDirection was deprecated in Hugo v0.158.0 and will be removed in a future release. Use .Language.Direction instead.
WARN  deprecated: .Language.LanguageCode was deprecated in Hugo v0.158.0 and will be removed in a future release. Use .Language.Locale instead.
WARN  deprecated: .Language.LanguageDirection was deprecated in Hugo v0.158.0 and will be removed in a future release. Use .Language.Direction instead.
WARN  deprecated: .Language.LanguageCode was deprecated in Hugo v0.158.0 and will be removed in a future release. Use .Language.Locale instead.
WARN  deprecated: .Language.LanguageDirection was deprecated in Hugo v0.158.0 and will be removed in a future release. Use .Language.Direction instead.
WARN  deprecated: .Language.LanguageCode was deprecated in Hugo v0.158.0 and will be removed in a future release. Use .Language.Locale instead.
WARN  deprecated: .Language.LanguageDirection was deprecated in Hugo v0.158.0 and will be removed in a future release. Use .Language.Direction instead.
WARN  deprecated: .Language.LanguageCode was deprecated in Hugo v0.158.0 and will be removed in a future release. Use .Language.Locale instead.
WARN  deprecated: .Language.LanguageDirection was deprecated in Hugo v0.158.0 and will be removed in a future release. Use .Language.Direction instead.
WARN  deprecated: .Language.LanguageCode was deprecated in Hugo v0.158.0 and will be removed in a future release. Use .Language.Locale instead.
WARN  deprecated: .Language.LanguageDirection was deprecated in Hugo v0.158.0 and will be removed in a future release. Use .Language.Direction instead.
WARN  deprecated: .Language.LanguageCode was deprecated in Hugo v0.158.0 and will be removed in a future release. Use .Language.Locale instead.
WARN  deprecated: .Language.LanguageDirection was deprecated in Hugo v0.158.0 and will be removed in a future release. Use .Language.Direction instead.
WARN  deprecated: .Language.LanguageCode was deprecated in Hugo v0.158.0 and will be removed in a future release. Use .Language.Locale instead.
WARN  deprecated: .Language.LanguageDirection was deprecated in Hugo v0.158.0 and will be removed in a future release. Use .Language.Direction instead.
WARN  deprecated: .Language.LanguageCode was deprecated in Hugo v0.158.0 and will be removed in a future release. Use .Language.Locale instead.
WARN  deprecated: .Language.LanguageDirection was deprecated in Hugo v0.158.0 and will be removed in a future release. Use .Language.Direction instead.
WARN  deprecated: .Language.LanguageCode was deprecated in Hugo v0.158.0 and will be removed in a future release. Use .Language.Locale instead.
WARN  deprecated: .Language.LanguageDirection was deprecated in Hugo v0.158.0 and will be removed in a future release. Use .Language.Direction instead.
WARN  deprecated: .Language.LanguageCode was deprecated in Hugo v0.158.0 and will be removed in a future release. Use .Language.Locale instead.
WARN  deprecated: .Language.LanguageDirection was deprecated in Hugo v0.158.0 and will be removed in a future release. Use .Language.Direction instead.
WARN  deprecated: .Language.LanguageCode was deprecated in Hugo v0.158.0 and will be removed in a future release. Use .Language.Locale instead.
WARN  deprecated: .Language.LanguageDirection was deprecated in Hugo v0.158.0 and will be removed in a future release. Use .Language.Direction instead.
WARN  deprecated: .Language.LanguageCode was deprecated in Hugo v0.158.0 and will be removed in a future release. Use .Language.Locale instead.
WARN  deprecated: .Language.LanguageDirection was deprecated in Hugo v0.158.0 and will be removed in a future release. Use .Language.Direction instead.
WARN  deprecated: .Language.LanguageCode was deprecated in Hugo v0.158.0 and will be removed in a future release. Use .Language.Locale instead.
WARN  deprecated: .Language.LanguageDirection was deprecated in Hugo v0.158.0 and will be removed in a future release. Use .Language.Direction instead.
WARN  deprecated: .Language.LanguageCode was deprecated in Hugo v0.158.0 and will be removed in a future release. Use .Language.Locale instead.
WARN  deprecated: .Language.LanguageDirection was deprecated in Hugo v0.158.0 and will be removed in a future release. Use .Language.Direction instead.
